{
  "stats": {
    "suites": 1,
    "tests": 1,
    "passes": 1,
    "pending": 0,
    "failures": 0,
    "start": "2024-02-13T12:14:18.290Z",
    "end": "2024-02-13T12:14:30.466Z",
    "duration": 12176,
    "testsRegistered": 1,
    "passPercent": 100,
    "pendingPercent": 0,
    "other": 0,
    "hasOther": false,
    "skipped": 0,
    "hasSkipped": false
  },
  "results": [
    {
      "uuid": "bfa11916-9835-4803-81ba-d311c691ea17",
      "title": "",
      "fullFile": "cypress/e2e/tests/Test2.cy.js",
      "file": "cypress/e2e/tests/Test2.cy.js",
      "beforeHooks": [],
      "afterHooks": [],
      "tests": [],
      "suites": [
        {
          "uuid": "8b7264c9-dae1-4e26-9524-6181a5827505",
          "title": "Scenario 2: Invalid Signup Attempt",
          "fullFile": "",
          "file": "",
          "beforeHooks": [],
          "afterHooks": [],
          "tests": [
            {
              "title": "Invalid Registration",
              "fullTitle": "Scenario 2: Invalid Signup Attempt Invalid Registration",
              "timedOut": null,
              "duration": 7085,
              "state": "passed",
              "speed": "medium",
              "pass": true,
              "fail": false,
              "pending": false,
              "context": null,
              "code": "homeObject.clickOnRegister();\nregObject.enterPersonalDetails(_homePageData.default.gender, _homePageData.default.fName, _homePageData.default.lName, _homePageData.default.dayInDOB, _homePageData.default.monthInDOB, _homePageData.default.yearInDOB, _randomEmail.default.email, _homePageData.default.companyName, _homePageData.default.newsLetter, _homePageData.default.password);\nregObject.clickOnRegisterButtonForInvalidData();",
              "err": {},
              "uuid": "7de7b79e-d39b-4ffe-bf55-8bfbbc0e1be7",
              "parentUUID": "8b7264c9-dae1-4e26-9524-6181a5827505",
              "isHook": false,
              "skipped": false
            }
          ],
          "suites": [],
          "passes": [
            "7de7b79e-d39b-4ffe-bf55-8bfbbc0e1be7"
          ],
          "failures": [],
          "pending": [],
          "skipped": [],
          "duration": 7085,
          "root": false,
          "rootEmpty": false,
          "_timeout": 2000
        }
      ],
      "passes": [],
      "failures": [],
      "pending": [],
      "skipped": [],
      "duration": 0,
      "root": true,
      "rootEmpty": true,
      "_timeout": 2000
    }
  ],
  "meta": {
    "mocha": {
      "version": "7.0.1"
    },
    "mochawesome": {
      "options": {
        "quiet": false,
        "reportFilename": "mochawesome",
        "saveHtml": false,
        "saveJson": true,
        "consoleReporter": "spec",
        "useInlineDiffs": false,
        "code": true
      },
      "version": "7.1.3"
    },
    "marge": {
      "options": {
        "overwrite": false,
        "html": false,
        "json": true,
        "reportDir": "cypress/reports/html/.jsons"
      },
      "version": "6.2.0"
    }
  }
}